Arguments: 
  C:\Program Files\nodejs\node.exe C:\Program Files (x86)\Yarn\bin\yarn.js install

PATH: 
  C:\Users\user\bin;C:\Program Files\Git\mingw64\bin;C:\Program Files\Git\usr\local\bin;C:\Program Files\Git\usr\bin;C:\Program Files\Git\usr\bin;C:\Program Files\Git\mingw64\bin;C:\Program Files\Git\usr\bin;C:\Users\user\bin;C:\ProgramData\Oracle\Java\javapath;C:\Windows\system32;C:\Windows;C:\Windows\System32\Wbem;C:\Windows\System32\WindowsPowerShell\v1.0;C:\Program Files\nodejs;C:\Program Files\Git\cmd;C:\Program Files (x86)\Yarn\bin;C:\Program Files (x86)\Brackets\command;C:\Users\user\AppData\Roaming\npm;C:\Users\user\AppData\Local\Yarn\bin;C:\Program Files\Git\usr\bin\vendor_perl;C:\Program Files\Git\usr\bin\core_perl

Yarn version: 
  1.22.5

Node version: 
  10.15.3

Platform: 
  win32 x64

Trace: 
  Error: Client network socket disconnected before secure TLS connection was established
      at TLSSocket.onConnectEnd (_tls_wrap.js:1088:19)
      at Object.onceWrapper (events.js:277:13)
      at TLSSocket.emit (events.js:194:15)
      at endReadableNT (_stream_readable.js:1125:12)
      at process._tickCallback (internal/process/next_tick.js:63:19)

npm manifest: 
  {
    "name": "vue-argon-dashboard",
    "version": "1.1.1",
    "private": true,
    "scripts": {
      "start": "node server",
      "serve": "vue-cli-service serve",
      "dev": "vue-cli-service serve",
      "build": "vue-cli-service build",
      "lint": "vue-cli-service lint"
    },
    "dependencies": {
      "@fullcalendar/core": "^5.5.1",
      "@fullcalendar/daygrid": "^5.5.0",
      "@fullcalendar/interaction": "^5.5.0",
      "@fullcalendar/timegrid": "^5.5.1",
      "@fullcalendar/vue": "^5.5.0",
      "axios": "^0.21.1",
      "bootstrap": "4.5.0",
      "bootstrap-vue": "2.15.0",
      "chart.js": "2.9.3",
      "core-js": "3.6.5",
      "dayjs": "^1.10.4",
      "element-ui": "^2.15.1",
      "express": "^4.17.1",
      "flatpickr": "4.6.3",
      "nouislider": "14.6.0",
      "nprogress": "^0.2.0",
      "path": "^0.12.7",
      "register-service-worker": "1.7.1",
      "serve-static": "^1.14.1",
      "vue": "2.6.11",
      "vue-chartjs": "3.5.0",
      "vue-clipboard2": "0.3.1",
      "vue-flatpickr-component": "8.1.5",
      "vue-moment": "^4.1.0",
      "vue-router": "3.3.4",
      "vue-select": "^3.11.2",
      "vue2-transitions": "0.3.0",
      "vuelidate": "^0.7.6",
      "vuex": "^3.6.2"
    },
    "devDependencies": {
      "@vue/cli-plugin-babel": "^4.4.6",
      "@vue/cli-plugin-eslint": "^4.4.6",
      "@vue/cli-plugin-pwa": "^4.4.6",
      "@vue/cli-service": "^4.4.6",
      "babel-eslint": "^10.1.0",
      "eslint": "^7.3.1",
      "eslint-plugin-vue": "^6.2.2",
      "node-sass": "^4.14.1",
      "sass-loader": "^8.0.2",
      "vue-template-compiler": "2.6.11"
    },
    "eslintConfig": {
      "root": true,
      "env": {
        "node": true
      },
      "extends": [
        "plugin:vue/essential",
        "eslint:recommended"
      ],
      "rules": {},
      "parserOptions": {
        "parser": "babel-eslint"
      }
    },
    "postcss": {
      "plugins": {
        "autoprefixer": {}
      }
    },
    "browserslist": [
      "> 1%",
      "last 2 versions",
      "not ie <= 8"
    ]
  }

yarn manifest: 
  No manifest

Lockfile: 
  No lockfile
